<?xml version="1.0" encoding="UTF-8"?>
<!-- Generated by org.testng.reporters.JUnitReportReporter -->
<testsuite skipped="0" hostname="LAPTOP-IT017" name="com.jakatalabs.RestassurredAssignment.APITests" tests="3" failures="0" timestamp="03 Jul 2021 16:12:52 GMT" time="10.276" errors="0">
  <testcase name="signUpAPI" time="7.392" classname="com.jakatalabs.RestassurredAssignment.APITests"/>
  <testcase name="profileAPI" time="1.507" classname="com.jakatalabs.RestassurredAssignment.APITests"/>
  <testcase name="logOutAPI" time="1.377" classname="com.jakatalabs.RestassurredAssignment.APITests"/>
</testsuite> <!-- com.jakatalabs.RestassurredAssignment.APITests -->
